2165847
417803
1024
1561336
7043
1755820
449
5066855
2851
1310516
73858
5915553
4372602
449
2099372
34566
8856173
19343325
8231938
108422
150790
221898
6691
3022833
20530579
7051984
221898
21535671
7127114
30250504
27820717
1992905
12120774
31955919
30735712
19172707
305568
126904
27363200
16525123
423960
12598572
406125
14618735
152403
139329
33258192
357678
16994612
30321853
692097
303066
192682
527688
22316516
421895
168713
404001
10057629
421895
512816
9084351
23826754
44950359
192682
396853
262938
599813
827761
