1000039297
782644363
602612023
425424421
174881783
711676716
979598172
44721106
833400870
410577782
603091067
997214259
581386845
694752677
566439055
779489895
150356133
248630538
99076263
835530542
387894196
256519849
548482148
120933444
934422891
1024958790
773727264
775608741
470244946
750596394
165462187
298254293
898294173
917100248
189055918
717704001
25196322
75324729
271068568
978054109
685755666
285564729
135152901
587499504
277437027
65660032
305343864
879041339
299408064
206742971
822303834
21302932
802266054
655792441
531420465
835542809
196915551
170942940
990460800
270189757
105111898
767625706
73121449
347607604
776116431
989912649
729027221
886428381
627972806
215505811
31276064
323624500
437769461
923116582
576650590
894730070
447791522
126232251
947995282
674204848
321369464
787269451
408405039
609921677
383969587
326406474
332001025
379680761
190548393
557087593
120477326
607747474
856256282
525835695
229563823
923623314
42913104
628519808
544631339
649224468
353222461
168326277
458657048
149793131
315174665
369647646
556558599
48860966
185095429
1066202439
788327086
684487383
636987573
520926236
270881224
152420356
532169032
230435266
315286756
404856619
928066323
51059333
778259309
713058044
126570768
708621781
399640512
61799544
197534409
904483092
667149755
796190829
492070262
152199478
1011783399
640022310
565110950
978724257
769054332
413970178
1022459315
669043058
924741278
817283477
749611295
98008620
70134094
672075789
888233026
892076534
226452728
401283146
925571182
44910246
460779275
366075198
60514753
315391830
396872750
150954602
791023255
119120533
235783620
442089965
818538309
1009420407
231750615
648278415
380842607
830063490
939517181
229961723
730804096
481049745
230142973
507840944
355169566
158328943
360284807
160654670
564341446
619690567
173925325
951671657
648897273
267326679
172911268
650279826
406086076
838414184
928203630
467011236
130155051
860890846
652339969
1006489249
498192855
243594853
89827018
189705026
350315901
805019453
500812179
354143291
945562127
436377330
55005608
857880882
1040788156
414702675
64831322
582422003
855654618
607634674
704026432
670063054
353045442
792606671
181978649
351002261
377112623
523405633
902798500
1010514975
480894742
539970621
112749519
72400992
34777292
879781333
825166032
541170159
137331574
948767730
441955863
244688227
425699857
954141248
754854471
698841688
784896712
284385943
200992204
553989113
707217369
1067626471
147144729
499508844
220261508
639239251
526364357
135407835
727478397
551042941
693418480
338187780
436226508
1040713787
267465661
495253959
338786207
292800903
615256506
334331416
170063733
107866906
124439657
1019975918
339758111
583828736
660025945
563483389
559487797
748367351
63918319
797011402
350221905
887141231
299811571
978532077
693212358
733649257
927422917
682258245
539601425
461293974
718044849
574986504
164333286
551259954
699670694
439883571
770600857
181070711
214352757
437947894
299285948
262906798
439901588
987866093
237547806
753832138
1030969708
1013263008
462114271
477999611
71635782
614798730
711283083
350005314
808495364
363608729
431064248
481716693
47219190
243742529
400674159
21534866
99917292
382780719
640246166
379419945
832290653
1000458473
37026707
306139063
941153636
263542270
843812389
475349056
856266641
1041885506
997098847
17511412
489023155
652801104
614853498
226974212
787562073
1008324891
321556544
180159584
510332367
118198825
262972767
474486025
518026101
600796698
541244069
820821374
598939092
504148015
738907946
411640571
201563077
536025099
1032153872
194035430
819526134
81959891
908077386
132097080
831942884
87680002
555060468
956849643
817421106
80259556
983693298
183008295
142199287
493137833
532187445
656294975
959497467
659215489
99045448
730455838
961685413
269581954
904621522
80902798
979092665
265514001
314421439
707473305
626579355
1059370166
46689858
178940979
855150154
816560980
287576517
488636987
101171888
511065708
1070373139
616703338
829679481
944997810
992640113
790985660
1018495686
545264215
595745845
166333395
756444557
953349802
942110935
258649970
1025319259
384208820
667805637
86584933
1072322038
266081895
419389302
881018907
121307820
994938291
862539572
185625393
1016766468
565468590
75186788
1020329041
538281422
495250101
376733679
963145879
629788369
531278371
1058425146
781036547
107807660
160301131
423481463
469224356
216580930
153112051
1000213245
369937487
903328552
154198672
832160946
837742264
868791579
364987305
962499880
569648597
62069621
500623279
194997400
73012489
572276859
750787276
178472136
679259106
346795506
103548644
801313181
797746245
531950509
89938278
813067210
975878100
219467946
292786264
647058571
212039839
931212613
249743941
167470509
358093541
705482541
217379431
950448842
126775431
600207767
47342044
648108223
16505913
1060729910
1063567327
13236822
363865515
196282238
364436005
136442598
442532747
1064856162
149675244
872182719
438616666
756081713
65384020
31168731
876278278
582696791
705147634
417934377
874617722
839494616
153829308
562094019
975436192
802939927
76707492
307959386
952416789
229994091
297017234
447501055
7557472
760493180
843872800
436368755
308910058
797061681
684771438
1010162942
610199960
183058157
619967565
1037674378
126837481
784909693
254991514
661735782
50468164
881482806
823316455
986534823
921120027
683990024
312344266
643465185
747479792
249230591
646190365
657371294
998113092
866895813
819909451
768951504
597116464
867730008
4564370
969776499
930255373
534539790
243033228
73775928
574654789
564724166
240554401
365464951
450980044
342906892
578301330
590613432
454742943
654399238
868963342
308593675
779922746
519883714
853959761
817856016
1058524929
405518912
309547820
406769902
520856147
662843204
381971043
841792849
709896568
89917621
119598171
215268007
613759606
1062374196
702037763
143678436
846543978
70347175
559723743
314569628
183042454
928750922
221162889
1073713872
316209557
124499471
695885750
883793055
910050772
294107356
112600899
460216560
637349320
1013388801
776621778
85819958
582099652
294355812
1021833214
652552134
400673868
399010882
483513428
690773435
587012608
1023769114
424443308
73759841
196878241
13017644
126486474
681503944
302709103
296676486
943467954
638253501
398706868
297695389
535549733
1047869462
697584191
733446616
885142392
66188390
28235324
21803109
567571431
784331251
937018333
526443547
321454836
902582072
197583094
125331461
952975493
135446184
221967964
880150799
200871593
170151440
999699427
307272055
798686154
461686901
550560631
970803825
1455234
975602170
846123903
774964578
1056009794
655743529
12468894
247244577
145896163
158388737
977309764
589202632
94824363
613739825
1040755370
630534791
305359658
203886524
972760751
736444700
137868320
18134855
993230151
1072859103
567532105
565834813
905159964
299652815
501617250
328918113
961541467
59393123
194201823
716038281
1050472042
599634449
1057451033
156063558
818278000
458406872
915567118
815369478
899677039
726847652
249460628
982862479
558380351
382164570
871082326
1033085290
949985530
87856939
497639047
976123628
15624126
151853225
332975655
51414114
149445368
226177601
511214596
412988057
547618380
73979306
790304386
98978677
101897212
214184923
356630025
874119333
530366543
396195313
708017625
740638881
81193472
39276528
721475982
325057343
295737424
864027512
586765716
999598537
995670661
680507837
905736386
505712237
938536006
303452336
9233795
872042894
515294362
853374666
865252566
801319969
1047674006
69293889
238344330
681647405
728199287
551317416
541663161
165636377
156410595
1051409944
1017078866
225313037
471716113
18590734
387708891
257863957
610497014
45647640
435744792
779360055
769289612
803135211
387370963
253577545
1027392201
573315131
68336801
708945726
204528752
238078477
473545965
967573124
754127682
984243915
974328890
468582585
806483371
1003308635
682295581
421809659
329112999
467684993
322881152
729772548
1021034259
999567803
507922804
243593448
129885442
92851453
121041357
23649260
210108615
1013939912
612561417
567867470
175371289
894883618
391545401
328187633
74144081
158006048
255849518
1016578794
181229969
488777866
831918347
942099742
989840711
743142894
597808846
889437323
596782283
55754082
493569669
834767817
295745103
722710078
863488021
899599788
599099655
675664808
1003101961
519395242
707402829
900246025
662796501
230717843
28286058
673031834
814938828
602770949
63333747
707543320
753791931
314466398
399069070
448155484
441987457
613936077
642725513
860610035
210185298
216263485
914894137
795770239
172445500
918415895
722717773
274152721
627055817
731975520
883863917
840744490
580347065
965173468
631344235
664642387
285901676
1033705658
153490141
1010974664
1016574772
491558384
35713083
292630377
383485605
500977873
844813957
199403716
773109086
930696183
213552560
457388514
564873160
929885927
562340550
75493124
995063889
795996603
533307019
107425640
607304270
530393176
58168157
140363983
874843427
837851729
1005602268
567903220
492355771
699204510
424110818
1001595967
984013488
245882854
605860074
36605196
505413355
904154621
29675259
1039181165
965700097
401577058
3521542
110870999
979193666
958504711
1056731303
39244860
24236903
171476650
300643039
182109057
431642069
655852330
202175052
412115158
292543725
437368876
377254258
616177731
639877935
272794257
889918167
863114335
183635152
38907061
537976444
79905234
640647676
58549745
635017557
351523439
846178756
971535858
603150367
876094673
996874423
382939993
661761363
101010848
235164026
733040031
130573595
218337285
852324489
271732342
310572820
364383298
934491062
547889263
824802636
718191235
742279951
299670063
910044025
771198302
180728782
1064474201
632358872
70411804
57177138
242149417
477628248
460447079
288365581
400324271
789285903
1041455102
930092255
275480427
584054672
757489118
100847213
101212578
515460456
135496230
672043934
625590515
275225958
666701066
653881511
787614111
662846599
9131917
423514781
20384995
363071842
476426452
296818265
758211566
153104403
731839331
459771051
204423782
206262042
948438543
986170158
563884804
447063324
554035438
326976794
240232465
380278350
947365731
340115991
449961690
397442195
910865853
926905571
620906606
715389859
386608662
729318267
991555305
70623439
679674905
959158915
90065256
366067162
192404350
756777379
946849731
1046429620
677841337
823287874
674894272
43767606
114927846
163737775
852242429
801915775
16538709
143531818
1034363873
800568542
477207882
232780081
901718027
624323154
679122801
513242172
880512766
462339319
505782937
372708572
246919665
476653755
386717104
461296565
991842915
895030841
356622648
132295264
982693246
245159107
398393600
207748982
27191022
965665447
319987212
1070502207
987305516
442138577
357503916
1059293180
235202640
755411579
881756856
635944445
1053078628
989909479
1052066903
490576684
260032486
343759333
162772678
339035330
741736213
577084716
771756118
332505088
227778653
324660921
415484873
24489641
759839834
735488842
653117418
596834438
194607955
123281276
893050550
140272257
39006762
445723737
511229378
586564451
973576461
867760943
933136989
784868276
802899695
372974714
831473245
511037511
332342244
326987155
336941313
449498112
619488291
460481221
821876680
559653038
923443490
486803549
955071299
740479738
195288088
187999322
417325756
56005840
921768217
214644183
65424857
31698680
947363856
889527026
65485691
121967954
380472635
631451717
8660723
401567188
1012069818
141627520
395550442
815928027
703709787
835333291
318396430
326373736
130335002
816157121
238845169
75976610
294138054
997413099
34820769
1038328004
985239142
406485705
273111929
237460235
556243059
943320696
933800169
149131553
340960490
167028647
959230694
318622975
924930304
488556651
314177498
921320905
267489340
607082249
718077215
552350299
505119565
1070781413
1017385241
511116609
542528941
206136157
701190792
725501756
598029304
544433420
1028842996
932749987
1064324727
107160380
248519899
244969131
728738012
275205118
996068784
459437794
1046618594
102264183
302986047
854296985
1069839485
527551489
252457079
610988255
609330468
473260352
315056510
472916078
560522153
315877477
4257640
130457637
735424127
623854852
691372679
993074200
467257622
310327342
675064714
652175093
896413899
986693859
915319022
902995363
586694413
992654428
146067609
463227256
588861434
271709283
511279661
796427619
260605191
127439910
671662819
617201584
390228461
433775165
791901958
27944219
205114918
706899191
602471480
243090483
662950539
647301301
814688861
41644822
142234484
914181825
914833191
760408653
128452320
286111341
224887743
875871532
415612638
473600270
205139689
3813616
840512656
1019877030
26477746
41011920
527530807
938512157
296762336
527662881
521976657
291705169
522297272
524187345
327759045
63532070
304033922
352881856
886158502
832031388
865992124
76854367
926640613
634874601
161855542
78218285
850647447
973488104
775388196
728020021
973737949
933580675
948950255
524534062
58786403
1055167683
282411086
1034783483
22069770
9806644
238655782
400809945
124654280
705686011
786444895
800077746
502865484
662902430
849075772
331992569
332393381
176511379
911946764
629889736
396914728
103408423
377162811
448526622
593512372
494352639
84275781
169446723
861611462
1039206827
167263475
80299552
879144000
637470261
971730720
947848902
268311938
54004677
319545069
602504015
335482220
219679326
1055514750
201343318
945524464
303634917
1064318580
858023627
1032765580
308721770
548662718
668396179
781402001
988710430
27148747
736314600
806162464
828656993
793259436
262561138
637470365
441154268
365689590
876952010
472018570
708169467
856931800
252613813
506623701
465688724
242448540
1063723767
947321172
312998247
826190973
189483572
1001327807
443773368
188524273
405262524
430381576
288113002
52361504
774281694
230409073
164148102
864110182
64141924
416393953
301451110
1010145060
465301461
761017119
429170855
577042526
278718062
895758273
644185303
448985734
485672620
437400247
265623591
644570284
303773009
27404646
792898392
1070897793
614871664
755492104
233687528
912807477
631507049
408196959
187993090
314389888
873521168
195408278
608722810
261635410
458077026
124004253
875268394
34750988
435628871
559447810
1032781892
214257882
1017352031
216900837
259630044
836385185
244370911
46752432
1033298016
575541623
462800982
774405029
32893527
904043852
997136004
974816678
476021152
121944446
1036472571
903596846
885653149
191613143
415259430
194666222
847454048
1028133375
608461196
399814012
618064008
683957350
132907210
846686098
778803447
430130521
1049850034
754337367
781876402
772072201
1042668780
954713188
650412398
442643085
746286541
496018458
270488503
705792673
252561409
589741078
813349980
199644299
574891198
145438850
665286361
812862392
662039764
948575468
545513008
349508501
461230692
739249215
846711650
815135008
142557586
455792595
662934519
615831722
793571771
210940165
453131083
948812699
273373797
235658217
457600937
756835476
499801099
148109517
218571859
671014470
825540192
1056609794
153286014
68180981
498243042
999258712
163513143
31834260
448388608
1007335023
581683953
139372365
914978405
279880613
897320565
646262903
400253336
804047125
200890473
210092679
38611385
987773413
19962439
599046693
899490856
300281813
410421645
577725365
427923130
580210682
868962068
674210791
711113792
857326449
910423359
505444606
113900037
677024099
207901080
168194034
417575172
968651040
247092678
471818965
313041410
222830407
216902132
55324339
95987023
389905749
761013512
772111207
496904360
605031859
476625628
1004534567
374061992
13363269
348751299
961027906
30377011
270374974
496433360
958808790
53850596
1001720728
163517782
294031715
564218381
1032528479
126405568
614827446
610892162
749341396
350310911
157201506
163731698
532283355
417358258
221534213
969939982
757366954
148867372
991448514
842071130
683072081
905186398
516866073
986591000
238303669
788382465
289493226
139345463
87122793
47184578
159008647
252246347
493712831
836854147
788878617
288226232
85660419
233919544
427293479
49572883
313839883
3136369
120526104
1005938874
985357651
912418471
703713126
510856849
184495242
46031134
773570222
989380298
232703485
637412162
728958427
12006031
127043633
774541627
685886294
816096663
29372442
806932450
47066718
370397041
208042671
39066755
178798601
986326039
676831222
573739355
338074043
886376686
676319542
769405008
510252963
293722288
220594212
792474303
481816894
803764696
636699695
16403072
700374295
254734979
25737748
127445178
36947986
356603212
881976931
182648991
1067467321
884052661
1067228000
756604977
670540693
44119013
415261599
700682374
443222514
299629048
44083773
104988339
847014789
198964877
902387561
207178465
467724095
82616236
293288782
700779023
387380758
295811744
142569719
416247071
280493628
75145906
587763517
302628674
495257804
496438047
804151524
679301341
515883974
1029410523
591372344
413642688
16743618
267746752
951004264
761356479
30747787
1013907213
12989779
185897978
225189773
487392937
898799035
1034671165
755727322
353620841
355381876
69792632
566310396
220166415
593057903
437100827
867462670
963232924
530705280
451923469
89661776
264904457
843112299
159105302
432959521
165805999
121324403
309778502
1056752305
1071087314
745727447
1060097093
696423622
749410311
935932601
670344536
124303486
332084729
439631439
249553835
604230829
63048814
174049501
876731580
146298635
1037875077
270240165
806488336
437633082
895340877
819617629
1068125434
299063166
484927215
1027008216
1059273110
807465570
409951246
810425487
272140541
401446472
642366966
408477045
673382152
208112746
643672546
68020059
686481851
507319525
749308416
914945190
618030362
14720006
1054591142
462952027
1052955100
265981266
512272640
36913178
468870060
911035345
277810436
915472614
122750386
915938931
518947901
633145162
500211115
347605285
630525107
665305990
981355832
946967592
780429686
623429207
673763557
519200608
909068989
337507523
724089672
433977076
133850726
37738426
991877834
1040715624
587061418
484190878
91106119
411128545
139082286
664536312
118265864
615977909
907345298
195335167
433637072
265915768
327268162
478887100
928544517
80572320
424638792
546018939
207228367
1055481806
53317393
404215510
332358013
481500833
1066856364
768014084
1060562842
821697377
76037820
572598862
534046857
1049909480
682220403
66813482
989334079
939855594
190089691
626487273
539298190
964721478
655025695
103247129
777346500
283860888
368302783
1051411713
829637375
814738540
73151579
823771389
745020126
385833127
971034091
560950270
373891453
871798163
328436192
739846671
692238619
792906149
652309159
281859704
1017553357
786316564
462765028
12584016
578337466
247905201
388368704
95440810
53998852
609796668
884718267
234758635
390527986
292806326
812530933
628546811
624662121
714090901
9233057
966285131
237009867
100495611
80584255
797870173
201246144
530064116
143856126
1050304958
757338267
1061972591
127939339
719739626
414391982
305269004
894547159
578408919
988847968
731958922
361454207
577550593
387844926
7464274
830443872
440758157
107169477
350787487
536846765
276177429
504929953
744303576
652388958
457265130
384486145
197363421
798817158
211607838
890548663
334803522
568109777
97627552
807082445
471934928
419907659
689329252
376407248
298440678
620155314
62788719
1023496351
341900424
1006494632
187810360
647851545
354348957
205096489
579850851
954922431
512810444
997890180
259121182
539922060
1073326706
849421187
350904180
488265358
851652427
537150717
303995768
987515766
679305551
601003110
691028024
1039394573
741805395
589638426
831625010
210541274
84931395
31449565
207458208
879605036
438367708
81096297
1028121221
262850992
134152461
903893574
357371542
1071631225
642384323
625292334
636299313
105591709
21807720
11845428
473615942
596094760
105484023
340783704
996943743
650992569
172802639
200168899
178286494
247855526
157573045
948653798
947810251
201220378
594219952
848314689
72365863
269763063
642143469
310829693
166657625
537894541
605838847
230146934
232386220
213255203
915206701
754843525
309743276
996656835
880696691
30663227
66597546
775800579
1019786758
1008389157
541531292
629038881
237113025
489959779
10443968
791455562
69559066
590671893
872282881
810317907
48390796
618800880
345633024
956664924
638718972
76359065
946633382
547467155
469600850
516799475
843052992
556407199
239181963
619585783
820262362
698262571
806471887
171602759
645735423
1038813691
942727815
1055479664
579906329
306975717
471245778
978903684
773875105
806104618
782231187
404641304
317371645
1052075992
180220874
29371371
610142229
270020935
85183610
76275154
986049928
762175654
625260252
471654912
682876935
511463682
108225727
459526820
37936009
270343021
677394664
169176168
792996630
126100133
1024534326
1005952847
445998112
161895135
708979264
436023449
984320032
987382140
190653828
80906487
296105837
301908626
501108200
718016856
955515523
712155511
618235969
341436515
4056705
453768087
38887676
805826508
953158563
1067681514
854937512
919164996
556888362
747748235
845001085
411456444
1022678971
315348743
472631933
346330868
472187134
671839918
712030116
899479469
98633324
233582043
887742766
337905524
533199820
455979620
292304022
341965141
113828664
862095740
519065352
316109330
360783304
370823885
427489884
350127250
3252367
417441361
379768385
1046154642
1003246715
794218775
551766204
294018531
492625778
928405417
200868870
353862580
181792518
865518156
906281392
836122200
659188356
1005076631
162990312
941899753
180486604
355523243
46173695
799696946
982244980
305176548
1008702414
717417285
608764815
944442479
486952235
82630529
931475411
201109652
528788421
322686277
309838844
476846822
534527837
962973910
206879050
1032424816
943569117
566125906
328857571
328779522
952650005
737112026
786170268
733718751
550276073
462808013
361080292
58185918
265019113
1066368481
75003020
231795252
362065143
429782718
960992816
754655091
123568840
613181935
696791214
477399113
475910077
853018188
388601434
321113534
165114680
421853822
163667824
304193927
281022488
813523509
792670226
222664434
247907816
57991806
728684921
983012819
783634694
593252272
960601814
835057956
429291560
694666311
614615475
283727231
139387457
969781239
42974427
459937176
655148194
479866315
38936888
869331973
242338594
498437800
633130100
301552326
12193847
206651250
377984349
1020818956
1011088402
711656155
884327860
942362540
705585246
823784687
622002925
494036844
401433047
346280828
558915274
329075814
1016834414
615799741
163373370
360856537
478402054
459673974
859673638
11667689
326178811
320711034
611565973
478431261
270360986
291835208
90250680
990254545
256200078
329774394
649909759
317043272
932069447
981696208
43102943
616668562
800102449
1070390608
901199178
74455656
968379383
671988996
911743328
525694136
117970477
788310620
740633488
963014731
463070024
307424081
372193647
227948879
933163564
154998204
611329081
263471076
371348353
272863190
239644083
870818459
178993537
546342759
414868778
91604835
129594642
314605738
259660358
571024729
1046868657
58056805
799265698
774871612
1039262676
633684653
313925362
739723485
550977894
608125155
89882191
530278789
646534488
106183198
682769270
419146785
115145183
880446430
127141210
192745979
830494202
669315905
303798894
883372451
420340732
109811802
514679580
518793857
172358314
1031756798
293690911
716647081
597873500
212136236
32070273
825176012
426326140
333767577
716643863
49033322
144214953
1014575085
515386415
265709542
248319578
702551657
132517447
964171773
293259426
906958932
73577845
298431152
418583578
361205624
914780983
509245948
334505459
545947458
509012744
642581643
438700592
1000603819
823739676
673400191
15169492
371028329
120166232
809237347
47727799
394374654
983030024
103671855
38203374
814495529
211762956
109340337
56954203
299526713
254295886
787441775
280073867
438188139
487259490
1052887603
330518833
115228672
891298550
801854519
776941576
323244500
134617805
231336496
673468318
150513687
703880463
291416681
805922852
774992067
643294174
748941720
225910813
96833854
979389459
861172908
195058284
731217801
149571205
45431037
597629891
673946403
542527283
325850826
199202008
806439073
261844806
856052584
717708981
1038109707
436909099
433330066
426880753
792658190
225585797
330298299
66893864
364998863
746955816
991644707
147212262
410388858
895402339
214250769
780914700
897442044
435344365
280053070
142541793
660329016
717038945
858391649
249607150
598535887
983196772
545214177
839338534
777406020
83408601
397133415
44929570
995641219
573082480
381003801
876477051
305250905
953119657
416351226
848904884
204382339
205277989
714889137
268595084
551664890
11054034
581142123
875583614
779748331
87848815
15611334
507605078
514417808
845655143
181279166
721332449
189419669
893836284
944269170
417277744
976818540
541707124
514929863
421575832
994243527
391657235
902372079
160324842
155149904
172170097
781836241
666081378
624350591
316581300
662928726
592097137
632663332
602509200
227035527
931117978
97647487
830659008
891409757
468222099
67804340
760684796
725152943
645876003
187355986
781755876
827729528
332155169
762267196
532589924
94701085
691223760
515645905
970346207
144632599
123165093
208423616
447733808
552541219
958347410
822362551
426980140
25274431
455576511
202083499
1032599511
392172125
310120465
734468459
592788921
449518128
901870104
124768980
360914047
350686954
106132141
236813950
102667270
1059612920
775380662
568983488
605853071
407433954
563419507
152011033
272098399
747869906
100708914
664322599
808583871
868800972
1021489554
123397884
997006074
223603281
1071444256
896970205
562155209
423189360
128442272
88164930
734174492
1053751160
546151943
814285353
664110086
1055400890
62387171
394067035
63089752
375412129
305377852
746278904
598111
627369628
702560041
101181147
541465304
53277228
733108209
645666199
922448743
175267732
653296851
863568156
389949132
350550835
745039664
765117444
423535484
968520616
702434312
72042112
275042071
242553836
327410418
846484801
897644165
358018467
642695842
811077893
843846097
231230972
1034754278
5175380
574016757
382376927
569094188
594720067
694849196
1026402261
703074289
30095587
775763199
344209916
662588848
657987707
566229057
839417579
426270161
517040772
894177690
892117653
619265478
966487849
983066923
100485192
708670132
36841182
452123776
23659803
465149451
332160878
916300022
101678240
1045935347
826301865
602624659
413729876
55144090
252439609
437835609
685455597
1065433737
183090453
526424920
486325196
933849101
1034929783
718178889
537433068
386166905
158127970
470977993
60358662
741568648
174589396
538178994
32187032
1042052290
581810278
276078254
582478191
441660073
841756390
860939347
397973807
753289485
817670582
995829853
1041031176
930749605
810013183
264090231
213775960
727202490
943684767
428526991
929404596
433803902
995548120
172495474
561652352
805333997
114048012
933538827
385571938
365647527
250702067
968061372
272401188
255965094
766164265
120430839
1034707371
892799156
592807632
33341995
460151633
137321936
495722771
234995815
908546388
660242731
960049019
696024505
165624580
527176267
742734732
384960941
788287002
674858972
688797713
759361232
1050206462
1543685
348760539
1070739636
1070173126
705499325
357580653
717934284
973245506
246200105
957530245
328413909
171352332
674820090
811438121
404803985
467042634
55954602
677117142
577038154
323834222
620855912
647350949
839239125
921939588
707650324
238598384
814930634
244624922
57948428
623636167
556009508
665259119
372963580
322313548
549381885
569390119
555821828
62107857
525790252
387157185
348543969
493604645
592301313
567994131
451271855
669187085
442555805
426209769
77026676
587720462
813827218
972860711
723740893
449872124
423482531
292268764
204359977
102680778
910142914
362985316
821588518
243953511
625079781
851980292
132699292
148315098
660019833
175667152
815280781
1010811749
168885452
993290753
171953435
227752013
187514546
407898438
248869989
958995431
758521497
751893947
71843855
428228339
166603935
75820058
877472442
107418925
243808120
178072904
749053556
408264259
62668089
662750151
656468192
598956408
914412888
17232621
452815752
171837595
168420574
284683727
65728971
411448348
36103993
436158484
685710121
235594329
110765264
918449320
662932222
875960708
425765479
628596020
784604495
817744317
303568798
163854988
772239921
21513895
386927187
237086700
5393251
634106224
1042963473
383220100
424057372
340942816
132780860
1029800282
871566261
110802285
914041773
779584272
905517639
276260895
909498035
390957322
119068141
313516313
381029268
133555112
828383619
740936099
419991175
462292676
266242371
448804176
706071207
382819055
6896862
26716392
474891553
966861378
386144553
173608643
166390939
613519400
372456584
195542958
533458081
320981494
795472586
386479705
831526774
913334936
117765934
323819882
756975296
274617342
505931304
484791415
198971426
26343072
420870201
913661481
102087040
558916114
1009241479
323245904
815405038
224728990
101920194
1067055460
772802068
139505255
490038313
90358111
190680539
897344855
809024305
423575342
183698618
150537616
845702608
1070478017
686776517
313281714
853014375
121205171
497081519
724506572
20031887
40554916
575361815
546412486
391474893
879620852
343765859
35500713
805848804
983716442
137513831
96895539
963553747
958588511
828753677
672088053
72658871
22745618
224823159
952231738
107172310
1053274448
342654460
436430870
148241312
14287986
80962801
434420446
339334018
964856185
384297095
8147351
253596766
614648950
201829725
267536286
882630466
301152748
330936361
932695889
353552913
105597311
143114250
542732649
981436127
320611347
448972935
254909029
150604799
423574388
703876834
22231003
1071581990
1028122937
94440113
250112247
682477573
44988990
132944601
721820351
1067607104
261735737
920512955
72491368
208514989
702645795
695538864
985638303
896882357
137663955
569005231
156720749
201909442
81179032
903924841
303612150
204022950
268090218
950161152
577862901
728929947
1040209665
836703745
437858027
79140498
81297184
668057344
93927567
445847781
802946063
300986190
878632560
131203314
938708678
833202142
323141737
291958788
636026311
555269377
67426099
164527650
456412334
341421139
412598718
475162266
466702715
492139091
45745564
422613895
357800250
559423093
842282715
245313517
903919353
323628937
835764991
785935512
968598112
227087217
938119835
305070329
337147469
308950665
565813882
269952062
561440905
167169131
142460846
802732776
363504904
732908920
167015047
742524341
297113512
985999782
500510025
257554552
606671586
654842257
527051426
1036165160
76300197
118888941
142045883
52023695
232556387
823264763
149529399
381929694
973162410
570081871
639343108
43566323
915153158
423408698
757681325
998158777
821514373
401038313
298626787
461393378
228944273
593651630
568384202
897691174
268567598
336586850
651233490
352127697
825485861
669476478
316690543
948766794
1038761412
210932056
441496295
1051490906
702835921
190673795
713140136
72723249
499735110
622920587
679880752
839428262
828391660
666840634
313550447
672507288
1002124936
1033879703
509249248
951323244
196742392
360231138
855136785
414813426
313858183
383618575
428276358
325521171
167136581
268531270
341738656
61174908
696295424
306923673
610108338
608137594
190774064
559216919
262600818
127263721
370127828
600437650
311320829
1058748136
440601655
235349068
57256599
947347263
200280430
572992154
666929426
973389381
569029400
886912023
942705133
741591938
408680331
239652651
304617055
168707436
936570401
1012398278
467139414
887068871
489871726
53746866
64315385
208228972
448727974
866357369
79330465
372551821
952139642
135515926
873716850
406167408
592977800
452653743
141892724
775595915
264029541
842410123
997152411
849000011
30355514
524266819
960899137
107073605
999033908
606689154
157330508
700300919
685024406
172867148
670609974
558801097
871841003
69415261
138099938
244230526
725156967
542379103
642389578
302092333
883822302
559527759
710260119
184892086
610061491
622459132
572808759
938728190
1016154461
897863706
167514259
972523959
708924972
796601922
503322654
607337545
397309796
835767909
347374883
579018135
907373906
967520679
184557302
339922432
885007006
26816288
982709135
517302408
28479904
382164988
390576115
609453160
59914046
1049423106
118767372
93718293
576493646
1035572222
707449108
673405051
870034761
538853200
418386371
273980694
615333322
339441158
189291161
1037188602
830173519
1062143756
216426738
134373518
697849483
207472298
64898841
1026334985
168207205
44226651
1010095799
236827486
511724772
333402770
761594087
105709394
463048072
448756039
447237918
275980553
374349317
938428441
459082305
729800920
740091924
489229784
622035610
519753669
631630110
1061218476
363735022
149633930
79242653
754118845
272520058
799216740
85690289
297750205
516658929
588793596
420533390
100683597
469074519
890660575
818968821
644985891
861827297
810108867
1048305811
55339886
280855088
913911624
163586606
932204559
699807953
650838398
1020107780
176280469
379970016
532396806
604847876
459886467
543603201
92093765
248664527
305345111
581270521
629522434
967982420
851567475
812081393
1030335875
391930161
546420673
19266726
8202027
1013122062
141053451
1050992843
1034442526
405898967
715180952
779866360
91216751
671664382
653203343
170391854
1065504280
444379466
733522259
141509831
587306686
195007098
14612899
919168230
739777596
709650310
200981878
533435232
92521789
427667737
672370404
620056747
123944394
137870641
527188741
750305997
346474983
998406006
512919875
1029001936
324523897
302914266
169129337
939531136
429823098
1022653568
89809742
237966327
906164832
363284654
42638380
929537872
88829368
972497939
12408724
414315894
882642293
333154689
828760356
665003901
1005352307
738977147
750514931
952206789
279551978
527832212
872304702
336212128
608848920
685283348
161462256
843475976
655759091
571405904
448248321
869342867
122305984
153336616
522562937
360358616
540631621
879865681
616269353
346233286
342170791
140226313
890644296
570069649
546947832
250983471
59313689
338281695
580698458
654049499
892713051
224946498
8628566
843879047
562314660
289736583
509794498
15136188
454797026
785404288
213062782
976432084
247987553
576415554
554898007
232291651
629687151
160562703
89590607
869683704
546667679
919793797
355523831
398726107
1070968176
946706483
753543291
273695674
52640203
305836077
12587123
618592544
856130607
213302853
402429439
1073613386
347692110
393149199
45064001
809097204
52086034
673674402
848044151
39786871
279878463
374574752
156164289
642628080
282693848
634557758
347204641
212393309
268304352
1018159502
180820352
168856704
942396049
181993374
866498259
493888035
897320981
263033200
802129668
890621502
620023468
741556530
897989394
997817393
352318427
449565305
1017017982
1017101190
1025708752
742281929
687636516
663459795
184425088
784330864
901381764
524464701
257253247
660619926
234607394
72764725
437328089
810882031
1065510155
828197144
502805859
482140864
578747613
952560724
201632227
666512018
363351830
499473304
448266906
1058073795
284130065
813729746
906180465
303060239
424471414
782986210
909621630
90831775
71576747
425004696
835994278
347826225
313894856
301792563
194917972
157933084
404470725
397214328
418974376
338380044
442140254
1017486698
796338888
837623059
929749232
914097880
877172436
993457767
357846840
157591365
642748009
645124780
168188850
821560072
181373223
209368638
486539846
752417912
91093667
925421964
779704094
481657052
361390023
737804870
339773501
536937522
913681435
123575310
515474158
985357023
811823694
415893312
451681647
1056988945
417733557
628951586
236909358
712608459
59831790
501025913
524757192
286983983
904245643
494873665
156883093
115917409
418922272
96392092
1003274219
787517404
815987110
708521526
523008616
210048886
963721638
836831095
873461602
652484790
304133098
648843146
924575815
642097883
452817382
564627424
658237207
137186253
133476600
752451683
609935488
742389068
808178340
734202194
36374737
580978680
369314804
5459011
177216040
65669433
92670927
637929511
960506275
778469199
791140778
570300056
957434317
917647452
202050127
200603434
636060259
411245902
434209485
1039542641
931731272
109295125
115266968
146027964
708525266
148140992
1032645195
846002777
647484191
334880577
846485323
750046132
1002567064
219539671
188428704
809408120
104649326
667440126
8296246
694593921
754612654
15940557
362592851
973121145
963856321
568943782
546066159
835646047
94141467
881142592
508442885
603304110
237688303
204844372
269142466
421657687
428626103
727455643
776335876
298946354
254464288
178539383
160460803
749001412
1017865612
931112524
90619378
8911265
557627535
846705199
80820782
668415300
209512077
576118203
788173517
9609357
524909071
958596921
954449751
506190296
190275763
656935235
210453337
685865969
193870316
158222491
89637158
799703676
568459730
195818356
936672033
143650629
858951499
316372192
811496053
837418899
203947918
831194528
339764525
893351038
1070960357
350074273
396959162
142763323
165081811
717212399
593708714
904008917
1053934796
1004246676
264330004
826722985
492723591
1015630980
325701043
460608039
593795337
912957210
484604764
87650096
382734190
879227052
945237374
525473847
369893178
800877024
117341492
415719195
391187462
263807593
88768052
806409017
658581880
923941197
575076162
476090556
775772656
156024989
613813901
701120216
644025720
964702655
504408197
268947823
89299017
450345187
842006172
823503875
422146828
247332041
145961137
260823942
821272142
734149207
1029785443
968066111
811411535
167201952
299983122
202144352
90680210
917890885
570793980
41391724
939051314
198100414
843860934
450786203
168353031
892066177
718969006
860763945
211817108
37292468
712283552
847980410
946736180
134832877
39865197
831785420
610302657
1017306548
167175087
934310134
809958595
633074406
947372627
1071471050
730254173
342039930
1037682766
607144323
8515929
761186202
470189469
991821416
358767360
936987382
1029653344
28366463
7867197
576230221
108095841
662353761
594111373
334395854
259584186
432190613
316375773
32486177
359110053
70663044
253515144
272080609
159395610
363035448
584014257
296394446
727866552
786713637
74313165
357369961
33521730
110125198
226786091
563218729
541812215
134422938
919997563
239689151
357444359
418758993
149551512
752061652
662613400
590453176
912878637
110360209
20077776
201081439
196659783
1067081531
952343423
352550271
212146904
1007579440
480410231
495322090
884198501
389603395
82554095
686393972
502911021
333005257
376000793
116942003
311284470
356157290
268701163
995431389
168372422
224724158
361237452
1061728160
501252085
346062861
287081516
13125118
169359888
13233851
640545242
9885330
166355907
251710491
408032720
292992855
621071134
1000589030
989652499
45914465
727837776
1039843361
483910826
959776375
908819493
369471515
1002329537
201290456
1015622918
973846668
975367388
27288779
1065993362
556860198
316672875
377023316
193080169
640353209
340913670
1055627797
773513582
619628639
620774507
980998066
131081329
688541993
691419983
897250420
81612142
485386727
678652740
668934540
449371561
419180254
1016884397
42499272
538880224
760427460
162650329
252683918
1018465846
524642486
272435903
557455795
351239887
201687053
255543395
125586824
876893650
631195413
440588487
805852093
567640417
437245930
1006268338
792388878
231674919
629890742
58401202
910060763
521061084
303796307
784087698
810373442
844668184
787739767
527851799
416868471
880123670
332808977
82170061
314220943
432654122
651140635
1041394735
361041166
303695394
718806856
439357671
523729900
311063656
733741940
325921817
582465442
1039354226
361339288
343580328
918292967
415626305
649235424
197910246
1059382027
252154107
961708493
1004084832
675877573
574914786
946247950
60060571
1013746175
562199727
619252337
164350233
266429312
141179209
884915850
583346184
867556815
405256627
33852412
94651900
426924528
517136158
412636983
529407949
706214929
142047790
614774313
661812246
442080301
807359785
981762480
45893939
252989417
581771373
710495481
252321332
831773781
371825232
421352683
209413675
805506122
911830237
881854041
250198152
701375016
765922957
195573760
25124695
558138933
1056005545
498018472
1030674004
643709580
275705680
806931457
636838079
1006043074
845143050
720142690
984817830
265381286
723185512
801204577
848648070
993034940
43951267
845963994
919039230
111657238
354966740
629603101
774423575
485887827
831510972
828396158
408631168
972082878
283009353
237352681
436932771
549326414
347378624
751904107
831538934
536642328
455392498
1033411277
916035051
803105498
562921418
193801053
1043612367
553962782
708484671
664114931
1045584891
68909493
758948749
658992746
195392551
63158291
864652046
1017313574
528115064
487800403
332484455
87601844
156567096
120788892
444813227
564518936
582072483
152241105
722503984
19376795
436884120
462319309
977733476
996057809
686064255
983018503
932648055
319899975
970174691
30129751
1062035281
506011929
361812368
950878235
585294640
676008896
677510493
458590672
776858650
788096817
1043535605
117928050
1020536432
492820229
631199956
882807765
758138634
523657418
1039005259
384104773
2440829
265693978
470981938
993222313
915886695
957446828
549491125
562475622
909132325
845913234
137891948
902062048
981978808
215738557
338467621
33729792
920782818
516276550
411203073
1002621787
978635096
327831817
683777608
690138914
994416576
645008228
168176634
24477845
855116843
975293435
378861281
363555008
637543162
543674792
888953945
865294936
819873031
419146537
334153197
587504748
1014123763
801258386
451028120
608731265
533644422
326637997
97279476
164124369
990359730
517809038
742705073
562750645
973246969
747076684
500281279
155289205
652416872
467433764
252028866
694597924
794472151
193099455
434011023
874291401
142636855
305183720
267985576
411612083
295622142
302881694
240697528
580449944
234299725
176751192
222908444
238327493
149273778
428490898
233668424
103870724
349262839
692614237
1018958910
944519307
603565574
343946242
107871726
516500436
215275711
799848677
96229481
888189501
185444874
375057068
792170419
492778760
409313911
881830922
993284962
731191513
973666156
993517165
93318598
22656654
236794108
214735971
857645797
559754544
91296238
958658044
325550525
944573592
684259620
266461356
773668884
640608559
640849758
880906338
421978549
625055500
877797152
1026364514
161215873
250246950
134696700
1068935012
1015633125
98289830
741008254
749717780
918307355
110306033
288282486
168669277
345205752
410452418
563839807
758372963
473856126
61752352
245527410
633305988
24804044
606713978
622479474
419951237
635545133
1006345627
524850131
944979871
844084514
434842565
1049044357
990151638
63320976
959788259
517444725
39008971
768723426
626126149
332654673
377959879
522812890
415987541
596879330
630064489
510132832
215704595
677565443
466823322
582440475
281927972
346936924
664805344
850401211
419486640
100759294
776777201
166691864
447281396
509137287
616432085
585770032
664950577
670691541
984484767
628965925
188960420
606253441
258296785
318322651
156197877
10134746
277005727
411947652
972424876
299313790
768223715
674710825
401809608
608444660
429049339
928579820
250715881
168415661
84405374
231691802
1030662956
521906688
699809957
718138128
978015854
1066390407
966706031
889319698
704276795
578653179
189946323
472130387
1045387047
39770686
230837025
816972180
794245321
40255753
1068079855
638775730
58410643
582017803
655276989
846256586
985473650
1052255961
30185327
230240663
407616536
1032821526
926358279
842731204
814629183
29256200
951450100
259880903
774487600
462053547
710141212
272889535
989057992
174267501
793863332
888552911
657028310
35207047
302246079
51655791
567992488
256640907
167112392
924373959
363817415
224639725
696884885
263853367
938581848
624139007
829539375
441753347
629533366
661704614
445510566
305607186
302299636
392790661
435803905
393034779
976743832
788399815
1071724247
143540856
932055073
632897856
101011756
398170964
426545356
742733327
181715773
878497176
587524885
37626833
24163950
48874985
858859023
831174193
618050055
869487094
746785308
225795462
500016039
476309757
308144085
235416573
696390506
416150403
618798795
1010900322
915799765
442893669
619987398
767316936
158726163
854649560
740500813
1049789548
717465607
888711495
582539665
971483334
250025689
239548700
496520475
675630686
93799897
965844339
242156764
493092913
760257160
125267521
419055988
24249746
897879934
1038964555
959682005
197210639
611608138
119081719
77676144
411159066
1041058422
352005015
1056317563
529062895
909039021
587975731
674983750
498985222
1053398524
842719174
581609051
7756078
197989108
328895769
487451939
511275627
1018596440
407258957
194047286
611613852
12874899
197110511
162358565
1064742283
870167283
958748673
825263942
508001324
328268651
748554890
258611405
426338088
676085857
737139894
120578850
779032174
176246586
801455616
785136807
208507083
962061606
85645433
46019469
121143287
8675733
174320863
139145934
560953608
219033400
827941620
1028724464
496884911
281225365
1029483389
1070227504
11894859
252072297
15594431
820961435
926996438
415838718
406582933
80427580
565377277
96907249
433786960
64321138
571689307
47352863
403444730
999461825
36224818
1008670786
206775896
697107509
834440681
178710101
743452091
644660970
149508649
116116020
106296325
362588520
1049246543
600473913
811481229
1071973110
383748567
392424613
925139001
720011801
48340283
956332045
601778193
253080489
21643090
448905576
534790549
944750583
240597504
207176497
704984129
1007185776
601977234
813727401
102656693
587140607
300095821
684445084
794790997
1046685927
494584366
31409251
286519855
617837079
1045129481
1056580440
1060107167
90451675
669785232
211629447
1046120549
329769943
492174116
58271316
312567639
693577483
565651320
97600658
856796433
566918007
530871398
774950065
50019064
617308203
529584725
503000280
653411484
51446683
355069110
308890575
364480727
698212173
326955976
687538627
996209825
868657794
696563634
776705860
323816525
120702066
325749114
1060212121
112512657
541792797
203808291
841390169
311308246
630081670
111708786
996431201
265689450
1057701529
676352404
2797051
976906878
1038963761
519309200
49047749
1005931046
845174219
976937313
296273408
590838658
893441496
909869732
630118897
420061283
279958765
886621757
374475048
689224028
21818036
303395967
323480076
390253682
969586941
769070202
825605713
334763136
266058207
807102757
741348865
940491596
292708341
151672909
948939077
985802113
959057712
292072534
565061541
948206525
437579537
159172290
891751426
319762671
933503224
851794789
171816056
742592022
495260677
930089884
84722273
932150776
224616950
222949771
403511863
822785199
233892016
220724195
589669082
1009940467
433918097
26703614
399770636
678154982
599126193
523357279
572392250
812158523
569520945
793068896
849977170
985087043
504334042
1014433344
845775877
351097903
234602402
547815167
968325740
871521533
125794241
193291814
608469760
224035183
434048380
590641324
302991253
767182301
312711729
667539082
896849108
546012484
474767396
1038139709
170955254
706887116
808948386
25325514
774844874
338443114
885182865
1015570962
1022828855
648139521
577113552
779259174
1019206698
504184375
1062314117
874225463
1012036582
143353883
399040909
381060049
676145261
408282977
646276657
306935083
994287675
823924280
481887728
909847384
410199314
627727689
969245849
927549753
89492370
651291831
950015036
1035719013
838915982
804092785
309082341
214493445
1073458473
390440310
897667161
725645833
239282152
588383299
671125689
228096316
923124100
754677830
700888707
204684950
140769801
238734623
568787177
816500437
1010209719
950725955
174130527
482087297
982928814
358724988
382270579
86137672
42316378
133599994
481217189
224379795
881601333
588350608
424348317
236961388
444264359
12894258
692808872
751987382
611591461
886524930
274212325
462978543
854704057
643620326
1072202958
413262588
86271018
386027186
161567670
931558770
198458160
950222558
989443406
471273392
684953850
368937546
70730857
390810234
1059448076
17147886
830716213
191407645
194323405
864686242
109651577
847372395
703163244
830626794
600877355
910742881
273971865
544190076
981450926
920488410
1002217324
300393227
74416036
790688728
426514731
216880529
938442803
896166297
15407333
222256741
880189181
632021947
829315913
819204915
769528959
1006612079
573339581
55670446
439517102
1003274507
393295697
325504976
516498564
482208202
230191966
320490198
38623864
63032087
68246014
520661682
1070794797
491863246
526867181
909673503
875855801
526141862
592787472
577022212
139607369
97752121
352994309
144573295
859964985
743913554
687226266
398438809
293542176
127342367
830195634
775899370
366560130
422960154
37695047
22208497
241771537
526724075
29268907
445934259
100595459
619800038
230818119
86772003
974291492
226676880
513265549
678250063
187974548
586383231
583105895
308408755
548380162
949167405
897887369
995237813
637084222
823549011
582049007
781823742
365855441
711411139
286748659
220164854
784560275
348801634
401314719
975567482
952346071
834499058
373407511
279140318
815279468
13609478
71294550
757277792
338421883
988224321
211213695
882846847
525314970
189593300
491340229
699959968
454348675
682447297
283922621
143923465
342676566
432181505
287360789
460788388
430470158
598277774
348195511
885805091
31425961
360124900
39818645
431888041
999580755
541323748
262974072
439492226
649008158
729550833
30648717
458028207
154567083
1003350989
790664328
523910041
86960673
606760668
989519154
386447380
826155575
966811980
241252851
693389717
1007519552
327083616
715438483
527065719
904350819
259053207
82717336
25593365
756175262
20214052
940992524
635044250
682992962
965794296
799100462
727189530
824498605
260511153
342852095
218855307
968248873
602944331
707090077
690272689
331347114
140646732
415328048
946000958
813702467
246381818
996871495
162852711
655660089
221293738
147381427
401654228
756155792
